  main.c
C:\Users\choi\source\repos\algorithm\algorithm\main.c(328,21): warning C4028: 정식 매개 변수 1이(가) 선언과 다릅니다.
C:\Users\choi\source\repos\algorithm\algorithm\main.c(389,24): warning C4028: 정식 매개 변수 1이(가) 선언과 다릅니다.
C:\Users\choi\source\repos\algorithm\algorithm\main.c(446,16): warning C4028: 정식 매개 변수 1이(가) 선언과 다릅니다.
C:\Users\choi\source\repos\algorithm\algorithm\main.c(446,56): warning C4029: 선언된 정식 매개 변수 목록이 정의와 다릅니다.
C:\Users\choi\source\repos\algorithm\algorithm\main.c(508,22): warning C4028: 정식 매개 변수 1이(가) 선언과 다릅니다.
C:\Users\choi\source\repos\algorithm\algorithm\main.c(555,24): warning C4028: 정식 매개 변수 1이(가) 선언과 다릅니다.
C:\Users\choi\source\repos\algorithm\algorithm\main.c(573,22): warning C4028: 정식 매개 변수 1이(가) 선언과 다릅니다.
C:\Users\choi\source\repos\algorithm\algorithm\main.c(613,19): warning C4028: 정식 매개 변수 1이(가) 선언과 다릅니다.
C:\Users\choi\source\repos\algorithm\algorithm\main.c(636,21): warning C4028: 정식 매개 변수 1이(가) 선언과 다릅니다.
C:\Users\choi\source\repos\algorithm\algorithm\main.c(652,22): warning C4028: 정식 매개 변수 1이(가) 선언과 다릅니다.
C:\Users\choi\source\repos\algorithm\algorithm\main.c(696,18): warning C4028: 정식 매개 변수 1이(가) 선언과 다릅니다.
C:\Users\choi\source\repos\algorithm\algorithm\main.c(717,20): warning C4028: 정식 매개 변수 1이(가) 선언과 다릅니다.
C:\Users\choi\source\repos\algorithm\algorithm\main.c(737,21): warning C4028: 정식 매개 변수 1이(가) 선언과 다릅니다.
C:\Users\choi\source\repos\algorithm\algorithm\main.c(806,22): warning C4028: 정식 매개 변수 1이(가) 선언과 다릅니다.
C:\Users\choi\source\repos\algorithm\algorithm\main.c(813,21): warning C4028: 정식 매개 변수 1이(가) 선언과 다릅니다.
C:\Users\choi\source\repos\algorithm\algorithm\main.c(903,16): warning C4028: 정식 매개 변수 1이(가) 선언과 다릅니다.
C:\Users\choi\source\repos\algorithm\algorithm\main.c(914,23): warning C4028: 정식 매개 변수 1이(가) 선언과 다릅니다.
C:\Users\choi\source\repos\algorithm\algorithm\main.c(943,20): warning C4028: 정식 매개 변수 1이(가) 선언과 다릅니다.
C:\Users\choi\source\repos\algorithm\algorithm\main.c(1006,22): warning C4028: 정식 매개 변수 1이(가) 선언과 다릅니다.
C:\Users\choi\source\repos\algorithm\algorithm\main.c(1014,20): warning C4028: 정식 매개 변수 1이(가) 선언과 다릅니다.
C:\Users\choi\source\repos\algorithm\algorithm\main.c(167): warning C4715: 'keyControl': 모든 제어 경로에서 값을 반환하지는 않습니다.
  algorithm.vcxproj -> C:\Users\choi\source\repos\algorithm\x64\Debug\algorithm.exe
